<?xml version="1.0" encoding="UTF-8"?>
<testng-results skipped="0" failed="0" ignored="0" total="1" passed="1">
  <reporter-output>
  </reporter-output>
  <suite name="Suite" duration-ms="158" started-at="2020-07-22T15:09:14Z" finished-at="2020-07-22T15:09:14Z">
    <groups>
    </groups>
    <test name="Test" duration-ms="158" started-at="2020-07-22T15:09:14Z" finished-at="2020-07-22T15:09:14Z">
      <class name="pack.Mavend.UisTest">
        <test-method status="PASS" signature="udse()[pri:0, instance:pack.Mavend.UisTest@15d9bc04]" name="udse" duration-ms="47" started-at="2020-07-22T20:39:14Z" finished-at="2020-07-22T20:39:14Z">
          <reporter-output>
          </reporter-output>
        </test-method> <!-- udse -->
      </class> <!-- pack.Mavend.UisTest -->
    </test> <!-- Test -->
  </suite> <!-- Suite -->
</testng-results>
